--- Startup times for process: Primary (or UI client) ---

times in msec
 clock   self+sourced   self:  sourced script
 clock   elapsed:              other lines

000.000  000.000: --- NVIM STARTING ---
000.148  000.147: event init
000.223  000.075: early init
000.264  000.041: locale set
000.304  000.040: init first window
000.724  000.420: inits 1
000.732  000.008: window checked
000.735  000.003: parsing arguments
001.266  000.048  000.048: require('vim.shared')
001.398  000.056  000.056: require('vim.inspect')
001.472  000.061  000.061: require('vim._options')
001.475  000.205  000.089: require('vim._editor')
001.476  000.284  000.030: require('vim._init_packages')
001.478  000.459: init lua interpreter
001.529  000.051: expanding arguments
001.550  000.021: inits 2
001.812  000.262: init highlight
001.829  000.017: clear screen
001.971  000.020  000.020: require('vim.keymap')
002.826  000.140  000.140: sourcing nvim_exec2()
002.952  001.120  000.960: require('vim._defaults')
002.954  000.004: init default mappings & autocommands
003.588  000.048  000.048: sourcing /usr/share/nvim/runtime/ftplugin.vim
003.649  000.027  000.027: sourcing /usr/share/nvim/runtime/indent.vim
003.809  000.112  000.112: sourcing /usr/share/nvim/archlinux.lua
003.813  000.140  000.028: sourcing /etc/xdg/nvim/sysinit.vim
004.810  000.670  000.670: require('lazy')
004.842  000.014  000.014: require('ffi')
004.944  000.077  000.077: require('vim.fs')
005.057  000.110  000.110: require('vim.uri')
005.071  000.227  000.040: require('vim.loader')
005.202  000.113  000.113: require('lazy.stats')
005.315  000.093  000.093: require('lazy.core.util')
005.428  000.110  000.110: require('lazy.core.config')
005.648  000.101  000.101: require('lazy.core.handler')
006.055  000.156  000.156: require('lazy.pkg')
006.066  000.313  000.157: require('lazy.core.meta')
006.073  000.422  000.110: require('lazy.core.plugin')
006.082  000.652  000.128: require('lazy.core.loader')
006.962  000.182  000.182: require('lazy.async')
007.140  000.116  000.116: require('lazy.manage.process')
007.280  000.138  000.138: require('lazy.terminal')
007.286  000.321  000.067: require('lazy.manage.task')
007.289  000.696  000.193: require('lazy.manage.runner')
007.292  000.789  000.093: require('lazy.manage')
007.295  000.903  000.114: require('lazy.view.commands')
007.509  000.190  000.190: require('lazy.core.fragments')
010.953  000.098  000.098: require('lazy.core.handler.event')
010.961  000.209  000.110: require('lazy.core.handler.ft')
011.098  000.133  000.133: require('lazy.core.handler.keys')
011.276  000.174  000.174: require('lazy.core.handler.cmd')
011.454  000.011  000.011: sourcing nvim_exec2() called at /home/collins/.config/nvim/init.lua:0
011.629  000.089  000.089: sourcing /home/collins/.local/share/nvim/lazy/go.nvim/ftdetect/filetype.vim
011.637  000.138  000.049: sourcing nvim_exec2() called at /home/collins/.config/nvim/init.lua:0
011.646  000.002  000.002: sourcing nvim_exec2() called at /home/collins/.config/nvim/init.lua:0
011.818  000.005  000.005: sourcing nvim_exec2() called at /home/collins/.config/nvim/init.lua:0
011.847  000.003  000.003: sourcing nvim_exec2() called at /home/collins/.config/nvim/init.lua:0
011.877  000.003  000.003: sourcing nvim_exec2() called at /home/collins/.config/nvim/init.lua:0
011.916  000.003  000.003: sourcing nvim_exec2() called at /home/collins/.config/nvim/init.lua:0
011.944  000.003  000.003: sourcing nvim_exec2() called at /home/collins/.config/nvim/init.lua:0
011.961  000.002  000.002: sourcing nvim_exec2() called at /home/collins/.config/nvim/init.lua:0
012.804  000.007  000.007: sourcing nvim_exec2() called at /home/collins/.config/nvim/init.lua:0
012.844  000.017  000.017: sourcing nvim_exec2() called at /home/collins/.config/nvim/init.lua:0
013.148  000.005  000.005: sourcing nvim_exec2() called at /home/collins/.config/nvim/init.lua:0
013.170  000.001  000.001: sourcing nvim_exec2() called at /home/collins/.config/nvim/init.lua:0
014.157  000.242  000.242: sourcing nvim_exec2() called at /usr/share/nvim/runtime/filetype.lua:0
014.165  000.398  000.156: sourcing /usr/share/nvim/runtime/filetype.lua
014.171  000.455  000.057: sourcing nvim_exec2() called at /home/collins/.config/nvim/init.lua:0
014.540  000.009  000.009: sourcing nvim_exec2() called at /home/collins/.config/nvim/init.lua:0
014.570  000.003  000.003: sourcing nvim_exec2() called at /home/collins/.config/nvim/init.lua:0
014.749  000.171  000.171: require('ui.rose_pine')
016.961  000.315  000.315: require('rose-pine.config')
016.971  002.139  001.824: require('rose-pine')
018.799  000.104  000.104: require('rose-pine.utilities')
018.899  000.092  000.092: require('rose-pine.palette')
021.650  000.037  000.037: sourcing nvim_exec2() called at /home/collins/.local/share/nvim/lazy/rose-pine/colors/rose-pine.lua:0
021.660  003.450  003.217: sourcing /home/collins/.local/share/nvim/lazy/rose-pine/colors/rose-pine.lua
021.787  000.005  000.005: sourcing nvim_exec2() called at /home/collins/.config/nvim/init.lua:0
021.802  000.002  000.002: sourcing nvim_exec2() called at /home/collins/.config/nvim/init.lua:0
022.018  000.208  000.208: require('ui.notify')
022.735  000.099  000.099: require('notify.util.queue')
022.741  000.224  000.124: require('notify.util')
022.876  000.043  000.043: sourcing nvim_exec2() called at /home/collins/.config/nvim/init.lua:0
022.901  000.017  000.017: sourcing nvim_exec2() called at /home/collins/.config/nvim/init.lua:0
022.905  000.162  000.102: require('notify.config.highlights')
022.909  000.505  000.120: require('notify.config')
023.065  000.057  000.057: require('notify.stages')
023.133  000.064  000.064: require('notify.service.notification')
023.330  000.054  000.054: require('notify.animate.spring')
023.334  000.122  000.068: require('notify.animate')
023.341  000.205  000.082: require('notify.windows')
023.680  000.070  000.070: require('notify.service.buffer.highlights')
023.685  000.281  000.211: require('notify.service.buffer')
023.688  000.345  000.063: require('notify.service')
023.822  000.133  000.133: require('notify.stages.util')
023.827  000.915  000.113: require('notify.instance')
023.833  001.811  000.390: require('notify')
024.029  000.065  000.065: require('notify.stages.fade')
024.086  000.014  000.014: sourcing nvim_exec2() called at /home/collins/.config/nvim/init.lua:0
024.096  000.006  000.006: sourcing nvim_exec2() called at /home/collins/.config/nvim/init.lua:0
024.480  000.005  000.005: sourcing nvim_exec2() called at /home/collins/.config/nvim/init.lua:0
024.495  000.001  000.001: sourcing nvim_exec2() called at /home/collins/.config/nvim/init.lua:0
025.403  000.064  000.064: require('nvim-ts-autotag._log')
025.478  000.069  000.069: require('nvim-ts-autotag.config.init')
026.382  000.092  000.092: require('vim.treesitter.language')
026.455  000.066  000.066: require('vim.func')
026.550  000.086  000.086: require('vim.func._memoize')
026.598  000.450  000.206: require('vim.treesitter.query')
026.669  000.066  000.066: require('vim.treesitter._range')
026.692  000.656  000.140: require('vim.treesitter.languagetree')
026.700  001.044  000.388: require('vim.treesitter')
026.708  001.101  000.057: require('nvim-ts-autotag.utils')
026.714  001.147  000.046: require('nvim-ts-autotag.config.ft')
026.719  001.238  000.091: require('nvim-ts-autotag.config.plugin')
026.730  001.519  000.147: require('nvim-ts-autotag.internal')
026.734  001.999  000.481: require('nvim-ts-autotag')
027.077  000.097  000.097: require('nvim-treesitter.utils')
029.620  002.539  002.539: require('nvim-treesitter.parsers')
030.846  000.569  000.569: require('nvim-treesitter.compat')
031.958  000.813  000.813: require('nvim-treesitter.ts_utils')
031.983  001.131  000.318: require('nvim-treesitter.tsrange')
032.272  000.285  000.285: require('nvim-treesitter.caching')
032.288  002.240  000.256: require('nvim-treesitter.query')
032.308  002.476  000.235: require('nvim-treesitter.configs')
032.314  002.686  000.210: require('nvim-treesitter.info')
032.449  000.133  000.133: require('nvim-treesitter.shell_command_selectors')
032.485  005.672  000.218: require('nvim-treesitter.install')
032.599  000.075  000.075: require('nvim-treesitter.statusline')
032.686  000.083  000.083: require('nvim-treesitter.query_predicates')
032.690  005.953  000.122: require('nvim-treesitter')
032.695  008.030  000.077: sourcing /home/collins/.local/share/nvim/lazy/nvim-ts-autotag/plugin/nvim-ts-autotag.lua
032.703  008.070  000.039: sourcing nvim_exec2() called at /home/collins/.config/nvim/init.lua:0
032.720  000.006  000.006: sourcing nvim_exec2() called at /home/collins/.config/nvim/init.lua:0
032.735  000.002  000.002: sourcing nvim_exec2() called at /home/collins/.config/nvim/init.lua:0
032.994  000.112  000.112: require('vim.iter')
034.315  001.503  001.391: sourcing /home/collins/.local/share/nvim/lazy/nvim-treesitter/plugin/nvim-treesitter.lua
034.332  001.562  000.059: sourcing nvim_exec2() called at /home/collins/.config/nvim/init.lua:0
034.348  000.005  000.005: sourcing nvim_exec2() called at /home/collins/.config/nvim/init.lua:0
034.378  000.002  000.002: sourcing nvim_exec2() called at /home/collins/.config/nvim/init.lua:0
034.601  000.215  000.215: require('core.treesitter')
036.944  000.098  000.098: require('nvim-treesitter.indent')
037.099  000.062  000.062: require('nvim-treesitter.locals')
037.105  000.130  000.068: require('nvim-treesitter.incremental_selection')
037.172  000.046  000.046: require('nvim-treesitter.highlight')
037.389  000.048  000.048: sourcing /home/collins/.local/share/nvim/lazy/nvim-treesitter/autoload/nvim_treesitter.vim
037.558  000.093  000.093: require('nvim-treesitter.fold')
037.904  000.006  000.006: sourcing nvim_exec2() called at /home/collins/.config/nvim/init.lua:0
037.915  000.001  000.001: sourcing nvim_exec2() called at /home/collins/.config/nvim/init.lua:0
038.143  000.004  000.004: sourcing nvim_exec2() called at /home/collins/.config/nvim/init.lua:0
038.152  000.001  000.001: sourcing nvim_exec2() called at /home/collins/.config/nvim/init.lua:0
038.571  000.072  000.072: sourcing /home/collins/.local/share/nvim/lazy/mason-tool-installer.nvim/plugin/mason-tool-installer.lua
038.578  000.114  000.043: sourcing nvim_exec2() called at /home/collins/.config/nvim/init.lua:0
038.586  000.003  000.003: sourcing nvim_exec2() called at /home/collins/.config/nvim/init.lua:0
038.598  000.002  000.002: sourcing nvim_exec2() called at /home/collins/.config/nvim/init.lua:0
039.368  000.032  000.032: require('mason-core.functional.data')
039.484  000.109  000.109: require('mason-core.functional.function')
039.541  000.050  000.050: require('mason-core.functional.list')
039.586  000.036  000.036: require('mason-core.functional.relation')
039.643  000.054  000.054: require('mason-core.functional.logic')
039.680  000.033  000.033: require('mason-core.functional.number')
039.721  000.036  000.036: require('mason-core.functional.string')
039.798  000.038  000.038: require('mason-core.functional.table')
039.835  000.032  000.032: require('mason-core.functional.type')
039.838  000.552  000.131: require('mason-core.functional')
039.871  000.032  000.032: require('mason-core.path')
039.932  000.059  000.059: require('mason.settings')
039.960  000.719  000.077: require('mason-core.log')
039.963  000.764  000.044: require('mason-core.EventEmitter')
040.095  000.089  000.089: require('mason-core.platform')
040.102  000.138  000.048: require('mason-core.installer.InstallLocation')
040.188  000.083  000.083: require('mason-registry.sources')
040.196  001.270  000.285: require('mason-registry')
040.247  000.048  000.048: require('mason.version')
040.263  001.608  000.289: require('mason-tool-installer')
040.419  000.074  000.074: require('mason-lspconfig.settings')
040.424  000.144  000.069: require('mason-lspconfig')
042.673  000.170  000.170: require('mason-nvim-dap.mappings.source')
042.717  000.009  000.009: sourcing nvim_exec2() called at /home/collins/.config/nvim/init.lua:0
042.728  000.001  000.001: sourcing nvim_exec2() called at /home/collins/.config/nvim/init.lua:0
042.806  000.072  000.072: require('mason')
043.186  000.133  000.133: require('mason.api.command')
043.284  000.080  000.080: require('mason-core.async')
043.492  000.151  000.151: require('mason-core.async.control')
043.562  000.066  000.066: require('mason-core.result')
043.659  000.036  000.036: require('mason-core.async.uv')
043.667  000.102  000.066: require('mason-core.fs')
043.689  000.402  000.082: require('mason-registry.installer')
043.854  000.046  000.046: require('mason-core.optional')
044.393  000.133  000.133: require('mason-core.process')
044.483  000.085  000.085: require('mason-core.spawn')
044.488  000.577  000.359: require('mason-core.installer.managers.powershell')
044.493  000.637  000.060: require('mason-core.fetch')
044.554  000.057  000.057: require('mason-core.providers')
044.829  000.105  000.105: require('mason-core.purl')
044.839  000.173  000.068: require('mason-core.package.AbstractPackage')
045.146  000.105  000.105: require('mason-core.installer.compiler.expr')
045.158  000.185  000.080: require('mason-core.installer.compiler.link')
045.691  000.147  000.147: require('mason-core.installer.context.InstallContextCwd')
045.825  000.127  000.127: require('mason-core.installer.context.InstallContextFs')
045.940  000.111  000.111: require('mason-core.installer.context.InstallContextSpawn')
046.086  000.140  000.140: require('mason-core.receipt')
046.124  000.715  000.190: require('mason-core.installer.context')
046.128  000.805  000.090: require('mason-core.installer')
046.167  000.941  000.136: require('mason-core.installer.managers.std')
046.171  001.011  000.070: require('mason-core.installer.compiler.schemas')
046.276  000.103  000.103: require('mason-core.installer.compiler.util')
046.326  001.420  000.121: require('mason-core.installer.compiler')
046.508  000.178  000.178: require('mason-core.installer.linker')
046.519  001.679  000.080: require('mason-core.installer.InstallRunner')
046.662  000.140  000.140: require('mason-core.installer.UninstallRunner')
046.681  002.081  000.090: require('mason-core.package')
046.689  002.132  000.051: require('mason-registry.sources.util')
046.714  002.970  000.099: require('mason-registry.sources.github')
053.175  000.020  000.020: require('vim.F')
053.410  000.070  000.070: require('mason-lspconfig.mappings')
053.417  000.233  000.163: require('mason-lspconfig.features.automatic_enable')
065.034  000.216  000.216: require('vim.lsp.log')
065.921  000.876  000.876: require('vim.lsp.protocol')
066.258  000.327  000.327: require('vim.lsp.util')
066.469  000.099  000.099: require('vim.lsp.sync')
066.479  000.213  000.113: require('vim.lsp._changetracking')
066.791  000.109  000.109: require('vim.lsp._transport')
066.878  000.373  000.264: require('vim.lsp.rpc')
067.055  002.534  000.529: require('vim.lsp')
076.650  000.077  000.077: require('mason-lspconfig.lsp.elixirls')
079.643  000.063  000.063: require('mason-lspconfig.notify')
079.679  000.207  000.144: require('mason-lspconfig.api.command')
080.130  000.090  000.090: sourcing /usr/share/nvim/runtime/plugin/editorconfig.lua
080.140  000.133  000.043: sourcing nvim_exec2() called at /home/collins/.config/nvim/init.lua:0
080.306  000.091  000.091: sourcing /usr/share/nvim/runtime/plugin/man.lua
080.313  000.157  000.066: sourcing nvim_exec2() called at /home/collins/.config/nvim/init.lua:0
080.429  000.075  000.075: sourcing /usr/share/nvim/runtime/plugin/osc52.lua
080.447  000.123  000.048: sourcing nvim_exec2() called at /home/collins/.config/nvim/init.lua:0
080.694  000.208  000.208: sourcing /usr/share/nvim/runtime/plugin/rplugin.vim
080.701  000.245  000.037: sourcing nvim_exec2() called at /home/collins/.config/nvim/init.lua:0
080.849  000.102  000.102: sourcing /usr/share/nvim/runtime/plugin/shada.vim
080.856  000.140  000.038: sourcing nvim_exec2() called at /home/collins/.config/nvim/init.lua:0
080.938  000.029  000.029: sourcing /usr/share/nvim/runtime/plugin/spellfile.vim
080.943  000.078  000.049: sourcing nvim_exec2() called at /home/collins/.config/nvim/init.lua:0
081.413  000.139  000.139: require('core.options')
081.935  078.095  045.983: sourcing /home/collins/.config/nvim/init.lua
081.980  000.717: sourcing vimrc file(s)
082.292  000.102  000.102: sourcing /usr/share/nvim/runtime/filetype.lua
082.616  000.075  000.075: sourcing /usr/share/nvim/runtime/syntax/synload.vim
082.699  000.319  000.244: sourcing /usr/share/nvim/runtime/syntax/syntax.vim
082.716  000.314: inits 3
085.407  002.691: reading ShaDa
085.587  000.181: opening buffers
085.592  000.005: BufEnter autocommands
085.595  000.003: editing files in windows
085.617  000.022: --- NVIM STARTED ---

--- Startup times for process: Primary (or UI client) ---

times in msec
 clock   self+sourced   self:  sourced script
 clock   elapsed:              other lines

000.000  000.000: --- NVIM STARTING ---
000.146  000.146: event init
000.246  000.100: early init
000.295  000.048: locale set
000.342  000.047: init first window
000.888  000.547: inits 1
000.900  000.012: window checked
000.909  000.009: parsing arguments
001.860  000.048  000.048: require('vim.shared')
001.999  000.075  000.075: require('vim.inspect')
002.078  000.062  000.062: require('vim._options')
002.082  000.217  000.081: require('vim._editor')
002.084  000.338  000.073: require('vim._init_packages')
002.087  000.840: init lua interpreter
002.178  000.090: expanding arguments
002.208  000.030: inits 2
002.555  000.347: init highlight
002.571  000.016: clear screen
002.777  000.028  000.028: require('vim.keymap')
003.680  000.141  000.141: sourcing nvim_exec2()
003.791  001.216  001.047: require('vim._defaults')
003.793  000.006: init default mappings & autocommands
004.440  000.047  000.047: sourcing /usr/share/nvim/runtime/ftplugin.vim
004.502  000.027  000.027: sourcing /usr/share/nvim/runtime/indent.vim
004.636  000.086  000.086: sourcing /usr/share/nvim/archlinux.lua
004.640  000.112  000.026: sourcing /etc/xdg/nvim/sysinit.vim
005.803  000.819  000.819: require('lazy')
005.834  000.013  000.013: require('ffi')
005.879  000.022  000.022: require('vim.fs')
006.002  000.120  000.120: require('vim.uri')
006.016  000.179  000.037: require('vim.loader')
006.140  000.100  000.100: require('lazy.stats')
006.279  000.110  000.110: require('lazy.core.util')
006.389  000.107  000.107: require('lazy.core.config')
006.541  000.058  000.058: require('lazy.core.handler')
006.921  000.160  000.160: require('lazy.pkg')
006.926  000.283  000.123: require('lazy.core.meta')
006.934  000.391  000.108: require('lazy.core.plugin')
006.953  000.562  000.113: require('lazy.core.loader')
008.484  000.158  000.158: require('lazy.async')
008.807  000.169  000.169: require('lazy.manage.process')
008.967  000.157  000.157: require('lazy.terminal')
008.976  000.487  000.160: require('lazy.manage.task')
008.979  000.732  000.087: require('lazy.manage.runner')
008.984  000.843  000.112: require('lazy.manage')
008.989  000.979  000.136: require('lazy.view.commands')
009.180  000.159  000.159: require('lazy.core.fragments')
017.790  000.185  000.185: require('lazy.core.handler.event')
017.968  000.167  000.167: require('lazy.core.handler.keys')
018.098  000.124  000.124: require('lazy.core.handler.ft')
018.414  000.310  000.310: require('lazy.core.handler.cmd')
018.839  000.011  000.011: sourcing nvim_exec2() called at /home/collins/.config/nvim/init.lua:0
018.877  000.003  000.003: sourcing nvim_exec2() called at /home/collins/.config/nvim/init.lua:0
019.012  000.006  000.006: sourcing nvim_exec2() called at /home/collins/.config/nvim/init.lua:0
019.040  000.002  000.002: sourcing nvim_exec2() called at /home/collins/.config/nvim/init.lua:0
019.067  000.003  000.003: sourcing nvim_exec2() called at /home/collins/.config/nvim/init.lua:0
019.084  000.002  000.002: sourcing nvim_exec2() called at /home/collins/.config/nvim/init.lua:0
019.173  000.004  000.004: sourcing nvim_exec2() called at /home/collins/.config/nvim/init.lua:0
019.194  000.002  000.002: sourcing nvim_exec2() called at /home/collins/.config/nvim/init.lua:0
019.397  000.004  000.004: sourcing nvim_exec2() called at /home/collins/.config/nvim/init.lua:0
019.416  000.001  000.001: sourcing nvim_exec2() called at /home/collins/.config/nvim/init.lua:0
019.456  000.002  000.002: sourcing nvim_exec2() called at /home/collins/.config/nvim/init.lua:0
019.620  000.085  000.085: sourcing /home/collins/.local/share/nvim/lazy/go.nvim/ftdetect/filetype.vim
019.626  000.129  000.044: sourcing nvim_exec2() called at /home/collins/.config/nvim/init.lua:0
019.633  000.001  000.001: sourcing nvim_exec2() called at /home/collins/.config/nvim/init.lua:0
019.836  000.003  000.003: sourcing nvim_exec2() called at /home/collins/.config/nvim/init.lua:0
019.851  000.001  000.001: sourcing nvim_exec2() called at /home/collins/.config/nvim/init.lua:0
021.259  000.519  000.519: sourcing nvim_exec2() called at /usr/share/nvim/runtime/filetype.lua:0
021.289  000.719  000.200: sourcing /usr/share/nvim/runtime/filetype.lua
021.304  000.783  000.064: sourcing nvim_exec2() called at /home/collins/.config/nvim/init.lua:0
021.883  000.010  000.010: sourcing nvim_exec2() called at /home/collins/.config/nvim/init.lua:0
021.914  000.002  000.002: sourcing nvim_exec2() called at /home/collins/.config/nvim/init.lua:0
023.758  000.343  000.343: require('nvim-ts-autotag._log')
023.876  000.110  000.110: require('nvim-ts-autotag.config.init')
024.530  000.041  000.041: require('vim.treesitter.language')
024.566  000.030  000.030: require('vim.func')
024.643  000.073  000.073: require('vim.func._memoize')
024.735  000.336  000.192: require('vim.treesitter.query')
024.780  000.042  000.042: require('vim.treesitter._range')
024.826  000.552  000.174: require('vim.treesitter.languagetree')
024.833  000.714  000.162: require('vim.treesitter')
024.837  000.827  000.113: require('nvim-ts-autotag.utils')
024.840  000.886  000.059: require('nvim-ts-autotag.config.ft')
024.844  000.964  000.079: require('nvim-ts-autotag.config.plugin')
024.850  001.739  000.321: require('nvim-ts-autotag.internal')
024.852  002.592  000.853: require('nvim-ts-autotag')
025.102  000.071  000.071: require('nvim-treesitter.utils')
026.344  001.239  001.239: require('nvim-treesitter.parsers')
027.010  000.157  000.157: require('nvim-treesitter.compat')
027.234  000.135  000.135: require('nvim-treesitter.ts_utils')
027.245  000.230  000.095: require('nvim-treesitter.tsrange')
027.318  000.070  000.070: require('nvim-treesitter.caching')
027.333  000.639  000.181: require('nvim-treesitter.query')
027.353  000.823  000.185: require('nvim-treesitter.configs')
027.358  001.008  000.185: require('nvim-treesitter.info')
027.510  000.150  000.150: require('nvim-treesitter.shell_command_selectors')
027.569  002.664  000.195: require('nvim-treesitter.install')
027.647  000.076  000.076: require('nvim-treesitter.statusline')
027.740  000.090  000.090: require('nvim-treesitter.query_predicates')
027.745  002.891  000.062: require('nvim-treesitter')
027.748  005.549  000.066: sourcing /home/collins/.local/share/nvim/lazy/nvim-ts-autotag/plugin/nvim-ts-autotag.lua
027.755  005.597  000.048: sourcing nvim_exec2() called at /home/collins/.config/nvim/init.lua:0
027.772  000.006  000.006: sourcing nvim_exec2() called at /home/collins/.config/nvim/init.lua:0
027.786  000.001  000.001: sourcing nvim_exec2() called at /home/collins/.config/nvim/init.lua:0
028.075  000.162  000.162: require('vim.iter')
028.837  000.985  000.824: sourcing /home/collins/.local/share/nvim/lazy/nvim-treesitter/plugin/nvim-treesitter.lua
028.845  001.025  000.040: sourcing nvim_exec2() called at /home/collins/.config/nvim/init.lua:0
028.855  000.003  000.003: sourcing nvim_exec2() called at /home/collins/.config/nvim/init.lua:0
028.875  000.001  000.001: sourcing nvim_exec2() called at /home/collins/.config/nvim/init.lua:0
029.032  000.151  000.151: require('core.treesitter')
032.014  000.089  000.089: require('nvim-treesitter.locals')
032.023  000.249  000.160: require('nvim-treesitter.incremental_selection')
032.132  000.067  000.067: require('nvim-treesitter.indent')
032.289  000.060  000.060: require('nvim-treesitter.highlight')
032.486  000.037  000.037: sourcing /home/collins/.local/share/nvim/lazy/nvim-treesitter/autoload/nvim_treesitter.vim
032.621  000.094  000.094: require('nvim-treesitter.fold')
032.771  000.006  000.006: sourcing nvim_exec2() called at /home/collins/.config/nvim/init.lua:0
032.786  000.002  000.002: sourcing nvim_exec2() called at /home/collins/.config/nvim/init.lua:0
032.905  000.112  000.112: require('ui.rose_pine')
035.160  000.083  000.083: require('rose-pine.config')
035.168  002.183  002.100: require('rose-pine')
036.192  000.272  000.272: require('rose-pine.utilities')
036.431  000.234  000.234: require('rose-pine.palette')
038.022  000.026  000.026: sourcing nvim_exec2() called at /home/collins/.local/share/nvim/lazy/rose-pine/colors/rose-pine.lua:0
038.028  002.214  001.683: sourcing /home/collins/.local/share/nvim/lazy/rose-pine/colors/rose-pine.lua
038.098  000.002  000.002: sourcing nvim_exec2() called at /home/collins/.config/nvim/init.lua:0
038.106  000.001  000.001: sourcing nvim_exec2() called at /home/collins/.config/nvim/init.lua:0
038.191  000.080  000.080: require('ui.notify')
065.989  000.148  000.148: require('notify.util.queue')
065.998  027.452  027.303: require('notify.util')
066.113  000.034  000.034: sourcing nvim_exec2() called at /home/collins/.config/nvim/init.lua:0
066.139  000.020  000.020: sourcing nvim_exec2() called at /home/collins/.config/nvim/init.lua:0
066.142  000.141  000.087: require('notify.config.highlights')
066.146  027.662  000.069: require('notify.config')
066.306  000.045  000.045: require('notify.stages')
066.557  000.248  000.248: require('notify.service.notification')
067.104  000.041  000.041: require('notify.animate.spring')
067.108  000.099  000.058: require('notify.animate')
067.114  000.554  000.455: require('notify.windows')
075.726  000.357  000.357: require('notify.service.buffer.highlights')
075.737  000.476  000.119: require('notify.service.buffer')
075.740  008.625  008.149: require('notify.service')
076.166  000.424  000.424: require('notify.stages.util')
076.174  010.026  000.130: require('notify.instance')
076.179  037.985  000.297: require('notify')
076.380  000.096  000.096: require('notify.stages.fade')
076.415  000.012  000.012: sourcing nvim_exec2() called at /home/collins/.config/nvim/init.lua:0
076.422  000.003  000.003: sourcing nvim_exec2() called at /home/collins/.config/nvim/init.lua:0
076.689  000.004  000.004: sourcing nvim_exec2() called at /home/collins/.config/nvim/init.lua:0
076.698  000.001  000.001: sourcing nvim_exec2() called at /home/collins/.config/nvim/init.lua:0
076.918  000.003  000.003: sourcing nvim_exec2() called at /home/collins/.config/nvim/init.lua:0
076.927  000.001  000.001: sourcing nvim_exec2() called at /home/collins/.config/nvim/init.lua:0
077.346  000.085  000.085: sourcing /home/collins/.local/share/nvim/lazy/mason-tool-installer.nvim/plugin/mason-tool-installer.lua
077.352  000.125  000.040: sourcing nvim_exec2() called at /home/collins/.config/nvim/init.lua:0
077.360  000.002  000.002: sourcing nvim_exec2() called at /home/collins/.config/nvim/init.lua:0
077.374  000.001  000.001: sourcing nvim_exec2() called at /home/collins/.config/nvim/init.lua:0
078.349  000.050  000.050: require('mason-core.functional.data')
078.425  000.070  000.070: require('mason-core.functional.function')
078.529  000.097  000.097: require('mason-core.functional.list')
078.650  000.067  000.067: require('mason-core.functional.relation')
078.718  000.063  000.063: require('mason-core.functional.logic')
078.794  000.072  000.072: require('mason-core.functional.number')
078.905  000.097  000.097: require('mason-core.functional.string')
079.009  000.096  000.096: require('mason-core.functional.table')
079.119  000.101  000.101: require('mason-core.functional.type')
079.126  000.913  000.198: require('mason-core.functional')
079.207  000.078  000.078: require('mason-core.path')
079.314  000.104  000.104: require('mason.settings')
079.392  001.271  000.176: require('mason-core.log')
079.398  001.369  000.098: require('mason-core.EventEmitter')
079.642  000.146  000.146: require('mason-core.platform')
079.650  000.248  000.102: require('mason-core.installer.InstallLocation')
079.742  000.090  000.090: require('mason-registry.sources')
079.751  001.919  000.212: require('mason-registry')
079.796  000.044  000.044: require('mason.version')
079.820  002.285  000.322: require('mason-tool-installer')
080.119  000.083  000.083: require('mason-lspconfig.settings')
080.127  000.189  000.106: require('mason-lspconfig')
081.754  000.078  000.078: require('mason-nvim-dap.mappings.source')
081.786  000.007  000.007: sourcing nvim_exec2() called at /home/collins/.config/nvim/init.lua:0
081.797  000.001  000.001: sourcing nvim_exec2() called at /home/collins/.config/nvim/init.lua:0
081.883  000.081  000.081: require('mason')
082.836  000.691  000.691: require('mason.api.command')
083.614  000.677  000.677: require('mason-core.async')
084.041  000.231  000.231: require('mason-core.async.control')
084.237  000.192  000.192: require('mason-core.result')
084.335  000.040  000.040: require('mason-core.async.uv')
084.342  000.100  000.059: require('mason-core.fs')
084.368  000.749  000.227: require('mason-registry.installer')
084.510  000.040  000.040: require('mason-core.optional')
084.697  000.103  000.103: require('mason-core.process')
084.752  000.053  000.053: require('mason-core.spawn')
084.756  000.200  000.045: require('mason-core.installer.managers.powershell')
084.759  000.247  000.047: require('mason-core.fetch')
084.797  000.036  000.036: require('mason-core.providers')
085.105  000.179  000.179: require('mason-core.purl')
085.119  000.239  000.061: require('mason-core.package.AbstractPackage')
085.391  000.066  000.066: require('mason-core.installer.compiler.expr')
085.400  000.132  000.067: require('mason-core.installer.compiler.link')
085.606  000.034  000.034: require('mason-core.installer.context.InstallContextCwd')
085.645  000.037  000.037: require('mason-core.installer.context.InstallContextFs')
085.680  000.033  000.033: require('mason-core.installer.context.InstallContextSpawn')
085.721  000.039  000.039: require('mason-core.receipt')
085.775  000.251  000.108: require('mason-core.installer.context')
085.777  000.287  000.035: require('mason-core.installer')
085.790  000.350  000.063: require('mason-core.installer.managers.std')
085.792  000.391  000.041: require('mason-core.installer.compiler.schemas')
085.834  000.040  000.040: require('mason-core.installer.compiler.util')
085.842  000.650  000.087: require('mason-core.installer.compiler')
085.886  000.042  000.042: require('mason-core.installer.linker')
085.890  000.768  000.076: require('mason-core.installer.InstallRunner')
085.930  000.038  000.038: require('mason-core.installer.UninstallRunner')
085.935  001.102  000.057: require('mason-core.package')
085.938  001.139  000.036: require('mason-registry.sources.util')
085.961  001.548  000.086: require('mason-registry.sources.github')
090.935  000.007  000.007: require('vim.F')
091.061  000.039  000.039: require('mason-lspconfig.mappings')
091.065  000.125  000.086: require('mason-lspconfig.features.automatic_enable')
097.728  000.201  000.201: require('vim.lsp.log')
098.628  000.893  000.893: require('vim.lsp.protocol')
098.994  000.359  000.359: require('vim.lsp.util')
099.273  000.099  000.099: require('vim.lsp.sync')
099.287  000.287  000.188: require('vim.lsp._changetracking')
099.894  000.496  000.496: require('vim.lsp._transport')
099.955  000.665  000.169: require('vim.lsp.rpc')
100.165  002.902  000.497: require('vim.lsp')
108.128  000.070  000.070: require('mason-lspconfig.lsp.elixirls')
110.743  000.039  000.039: require('mason-lspconfig.notify')
110.771  000.145  000.106: require('mason-lspconfig.api.command')
111.227  000.056  000.056: sourcing /usr/share/nvim/runtime/plugin/editorconfig.lua
111.233  000.094  000.038: sourcing nvim_exec2() called at /home/collins/.config/nvim/init.lua:0
111.312  000.051  000.051: sourcing /usr/share/nvim/runtime/plugin/man.lua
111.317  000.076  000.026: sourcing nvim_exec2() called at /home/collins/.config/nvim/init.lua:0
111.386  000.044  000.044: sourcing /usr/share/nvim/runtime/plugin/osc52.lua
111.390  000.068  000.024: sourcing nvim_exec2() called at /home/collins/.config/nvim/init.lua:0
111.576  000.161  000.161: sourcing /usr/share/nvim/runtime/plugin/rplugin.vim
111.581  000.185  000.024: sourcing nvim_exec2() called at /home/collins/.config/nvim/init.lua:0
111.674  000.066  000.066: sourcing /usr/share/nvim/runtime/plugin/shada.vim
111.678  000.090  000.024: sourcing nvim_exec2() called at /home/collins/.config/nvim/init.lua:0
111.735  000.019  000.019: sourcing /usr/share/nvim/runtime/plugin/spellfile.vim
111.739  000.055  000.036: sourcing nvim_exec2() called at /home/collins/.config/nvim/init.lua:0
112.081  000.077  000.077: require('core.options')
112.333  107.666  042.554: sourcing /home/collins/.config/nvim/init.lua
112.343  000.697: sourcing vimrc file(s)
112.493  000.044  000.044: sourcing /usr/share/nvim/runtime/filetype.lua
112.703  000.063  000.063: sourcing /usr/share/nvim/runtime/syntax/synload.vim
112.778  000.226  000.163: sourcing /usr/share/nvim/runtime/syntax/syntax.vim
112.790  000.178: inits 3
115.080  002.290: reading ShaDa
115.184  000.104: opening buffers
115.187  000.003: BufEnter autocommands
115.189  000.002: editing files in windows
115.205  000.016: --- NVIM STARTED ---

