Starting MERN verification...
Testing Neovim headless startup...
startup_ok
[nvim-treesitter] [0/13] Downloading tree-sitter-javascript...
[nvim-treesitter] [0/13] Downloading tree-sitter-typescript...
[nvim-treesitter] [0/13] Downloading tree-sitter-tsx...
[nvim-treesitter] [0/13] Downloading tree-sitter-html...
[nvim-treesitter] [0/13] Downloading tree-sitter-css...
[nvim-treesitter] [0/13] Downloading tree-sitter-json...
[nvim-treesitter] [0/13] Downloading tree-sitter-markdown...
[nvim-treesitter] [0/13] Downloading tree-sitter-markdown_inline...
[nvim-treesitter] [0/13] Downloading tree-sitter-lua...
[nvim-treesitter] [0/13] Downloading tree-sitter-vim...
[nvim-treesitter] [0/13] Downloading tree-sitter-vimdoc...
[nvim-treesitter] [0/13] Downloading tree-sitter-query...
[nvim-treesitter] [0/13] Downloading tree-sitter-regex...Neovim startup: PASS
Testing Node and pnpm detection...
Node: found Pnpm: found
[nvim-treesitter] [0/13] Downloading tree-sitter-javascript...
[nvim-treesitter] [0/13] Downloading tree-sitter-typescript...
[nvim-treesitter] [0/13] Downloading tree-sitter-tsx...
[nvim-treesitter] [0/13] Downloading tree-sitter-html...
[nvim-treesitter] [0/13] Downloading tree-sitter-css...
[nvim-treesitter] [0/13] Downloading tree-sitter-json...
[nvim-treesitter] [0/13] Downloading tree-sitter-markdown...
[nvim-treesitter] [0/13] Downloading tree-sitter-markdown_inline...
[nvim-treesitter] [0/13] Downloading tree-sitter-lua...
[nvim-treesitter] [0/13] Downloading tree-sitter-vim...
[nvim-treesitter] [0/13] Downloading tree-sitter-vimdoc...
[nvim-treesitter] [0/13] Downloading tree-sitter-query...
[nvim-treesitter] [0/13] Downloading tree-sitter-regex...Testing Mason packages...
Mason packages found: 
[nvim-treesitter] [0/13] Downloading tree-sitter-javascript...
[nvim-treesitter] [0/13] Downloading tree-sitter-typescript...
[nvim-treesitter] [0/13] Downloading tree-sitter-tsx...
[nvim-treesitter] [0/13] Downloading tree-sitter-html...
[nvim-treesitter] [0/13] Downloading tree-sitter-css...
[nvim-treesitter] [0/13] Downloading tree-sitter-json...
[nvim-treesitter] [0/13] Downloading tree-sitter-markdown...
[nvim-treesitter] [0/13] Downloading tree-sitter-markdown_inline...
[nvim-treesitter] [0/13] Downloading tree-sitter-lua...
[nvim-treesitter] [0/13] Downloading tree-sitter-vim...
[nvim-treesitter] [0/13] Downloading tree-sitter-vimdoc...
[nvim-treesitter] [0/13] Downloading tree-sitter-query...
[nvim-treesitter] [0/13] Downloading tree-sitter-regex...Testing LSP configuration...
[nvim-treesitter] [0/14] Downloading tree-sitter-javascript...
[nvim-treesitter] [0/14] Downloading tree-sitter-typescript...
[nvim-treesitter] [0/14] Downloading tree-sitter-tsx...
[nvim-treesitter] [0/14] Downloading tree-sitter-html...
[nvim-treesitter] [0/14] Downloading tree-sitter-css...
[nvim-treesitter] [0/14] Downloading tree-sitter-json...
[nvim-treesitter] [0/14] Downloading tree-sitter-markdown...
[nvim-treesitter] [0/14] Downloading tree-sitter-markdown_inline...
[nvim-treesitter] [0/14] Downloading tree-sitter-lua...
[nvim-treesitter] [0/14] Downloading tree-sitter-vim...
[nvim-treesitter] [0/14] Downloading tree-sitter-vimdoc...
[nvim-treesitter] [0/14] Downloading tree-sitter-query...
[nvim-treesitter] [0/14] Downloading tree-sitter-regex...
[nvim-treesitter] [0/14] Downloading tree-sitter-typescript...
vim.lsp.get_active_clients() is deprecated. Run ":checkhealth vim.de
TypeScript LSP: not found
Error in command line:
nvim-treesitter[json]: Error during download, please verify your internet connection
curl: (6) Could not resolve host: codeload.github.com

nvim-treesitter[regex]: Error during download, please verify your internet connection
curl: (6) Could not resolve host: codeload.github.com
Testing DAP configuration...
DAP pwa-node: not registered
[nvim-treesitter] [0/13] Downloading tree-sitter-javascript...
[nvim-treesitter] [0/13] Downloading tree-sitter-typescript...
[nvim-treesitter] [0/13] Downloading tree-sitter-tsx...
[nvim-treesitter] [0/13] Downloading tree-sitter-html...
[nvim-treesitter] [0/13] Downloading tree-sitter-css...
[nvim-treesitter] [0/13] Downloading tree-sitter-json...
[nvim-treesitter] [0/13] Downloading tree-sitter-markdown...
[nvim-treesitter] [0/13] Downloading tree-sitter-markdown_inline...
[nvim-treesitter] [0/13] Downloading tree-sitter-lua...
[nvim-treesitter] [0/13] Downloading tree-sitter-vim...
[nvim-treesitter] [0/13] Downloading tree-sitter-vimdoc...
[nvim-treesitter] [0/13] Downloading tree-sitter-query...
[nvim-treesitter] [0/13] Downloading tree-sitter-regex...Testing command presence...
Commands found: 
[nvim-treesitter] [0/13] Downloading tree-sitter-javascript...
[nvim-treesitter] [0/13] Downloading tree-sitter-typescript...
[nvim-treesitter] [0/13] Downloading tree-sitter-tsx...
[nvim-treesitter] [0/13] Downloading tree-sitter-html...
[nvim-treesitter] [0/13] Downloading tree-sitter-css...
[nvim-treesitter] [0/13] Downloading tree-sitter-json...
[nvim-treesitter] [0/13] Downloading tree-sitter-markdown...
[nvim-treesitter] [0/13] Downloading tree-sitter-markdown_inline...
[nvim-treesitter] [0/13] Downloading tree-sitter-lua...
[nvim-treesitter] [0/13] Downloading tree-sitter-vim...
[nvim-treesitter] [0/13] Downloading tree-sitter-vimdoc...
[nvim-treesitter] [0/13] Downloading tree-sitter-query...
[nvim-treesitter] [0/13] Downloading tree-sitter-regex...